2023-03-14 14:44:42,713 [Worker-6: Loading available Gradle versions] INFO  o.e.b.c.i.u.g.PublishedGradleVersions - Gradle version information cache is up-to-date. Trying to read.
2023-03-14 14:45:04,708 [Worker-2: Update Maven projects configuration] INFO  o.e.m.c.i.p.ProjectConfigurationManager - Update started
2023-03-14 14:45:07,013 [Worker-2: Update Maven projects configuration] INFO  o.e.m.c.i.l.LifecycleMappingFactory - Using org.eclipse.m2e.jdt.JarLifecycleMapping lifecycle mapping for MavenProject: com.example:Day27_Assignment_mongo:0.0.1-SNAPSHOT @ C:\Users\158563\Downloads\Day27_Assignment_mongo\Day27_Assignment_mongo\pom.xml.
2023-03-14 14:45:09,332 [Worker-2: Update Maven projects configuration] INFO  o.e.m.j.i.AbstractJavaProjectConfigurator - Adding source folder /Day27_Assignment_mongo/src/main/java
2023-03-14 14:45:09,335 [Worker-2: Update Maven projects configuration] INFO  o.e.m.j.i.AbstractJavaProjectConfigurator - Adding resource folder /Day27_Assignment_mongo/src/main/resources
2023-03-14 14:45:09,341 [Worker-2: Update Maven projects configuration] INFO  o.e.m.j.i.AbstractJavaProjectConfigurator - Adding resource folder /Day27_Assignment_mongo/src/main/resources
2023-03-14 14:45:09,351 [Worker-2: Update Maven projects configuration] INFO  o.e.m.j.i.AbstractJavaProjectConfigurator - Adding source folder /Day27_Assignment_mongo/src/test/java
2023-03-14 14:45:12,607 [Worker-2: Update Maven projects configuration] INFO  o.e.m.c.i.p.ProjectConfigurationManager - Update completed for 1 poms: local refresh takes 0.00 sec, refresh facades takes 4.00 sec, update config takes 3.00 sec 
2023-03-14 15:10:38,770 [Worker-14: Building] INFO  o.e.m.c.i.l.LifecycleMappingFactory - Using org.eclipse.m2e.jdt.JarLifecycleMapping lifecycle mapping for MavenProject: com.example:Day27_Assignment_mongo:0.0.1-SNAPSHOT @ C:\Users\158563\Downloads\Day27_Assignment_mongo\Day27_Assignment_mongo\pom.xml.
2023-03-14 15:10:39,676 [Worker-14: Building] INFO  o.a.m.s.f.DefaultMavenResourcesFiltering - Copying 0 resource
2023-03-14 15:10:39,676 [Worker-14: Building] INFO  o.a.m.s.f.DefaultMavenResourcesFiltering - Copying 0 resource
2023-03-14 15:10:39,680 [Worker-14: Building] INFO  o.a.m.s.f.DefaultMavenResourcesFiltering - skip non existing resourceDirectory C:\Users\158563\Downloads\Day27_Assignment_mongo\Day27_Assignment_mongo\src\test\resources
2023-03-14 15:10:41,118 [Worker-18: Building] INFO  o.a.m.s.f.DefaultMavenResourcesFiltering - Copying 1 resource
2023-03-14 15:10:41,129 [Worker-18: Building] INFO  o.a.m.s.f.DefaultMavenResourcesFiltering - Copying 0 resource
2023-03-14 15:10:41,132 [Worker-18: Building] INFO  o.a.m.s.f.DefaultMavenResourcesFiltering - skip non existing resourceDirectory C:\Users\158563\Downloads\Day27_Assignment_mongo\Day27_Assignment_mongo\src\test\resources
2023-03-14 15:11:10,297 [Worker-20: Building] INFO  o.a.m.s.f.DefaultMavenResourcesFiltering - Copying 1 resource
2023-03-14 15:11:10,302 [Worker-20: Building] INFO  o.a.m.s.f.DefaultMavenResourcesFiltering - Copying 0 resource
2023-03-14 15:11:10,304 [Worker-20: Building] INFO  o.a.m.s.f.DefaultMavenResourcesFiltering - skip non existing resourceDirectory C:\Users\158563\Downloads\Day27_Assignment_mongo\Day27_Assignment_mongo\src\test\resources
2023-03-14 15:12:27,780 [Worker-16: Building] INFO  o.a.m.s.f.DefaultMavenResourcesFiltering - Copying 1 resource
2023-03-14 15:12:27,785 [Worker-16: Building] INFO  o.a.m.s.f.DefaultMavenResourcesFiltering - Copying 0 resource
2023-03-14 15:12:27,787 [Worker-16: Building] INFO  o.a.m.s.f.DefaultMavenResourcesFiltering - skip non existing resourceDirectory C:\Users\158563\Downloads\Day27_Assignment_mongo\Day27_Assignment_mongo\src\test\resources
2023-03-14 15:19:19,007 [Worker-20: Building] INFO  o.a.m.s.f.DefaultMavenResourcesFiltering - Copying 1 resource
2023-03-14 15:19:19,016 [Worker-20: Building] INFO  o.a.m.s.f.DefaultMavenResourcesFiltering - Copying 0 resource
2023-03-14 15:19:19,018 [Worker-20: Building] INFO  o.a.m.s.f.DefaultMavenResourcesFiltering - skip non existing resourceDirectory C:\Users\158563\Downloads\Day27_Assignment_mongo\Day27_Assignment_mongo\src\test\resources
2023-03-14 15:25:57,913 [Worker-25: Building] INFO  o.a.m.s.f.DefaultMavenResourcesFiltering - Copying 0 resource
2023-03-14 15:25:57,914 [Worker-25: Building] INFO  o.a.m.s.f.DefaultMavenResourcesFiltering - Copying 0 resource
2023-03-14 15:25:57,916 [Worker-25: Building] INFO  o.a.m.s.f.DefaultMavenResourcesFiltering - skip non existing resourceDirectory C:\Users\158563\Downloads\Day27_Assignment_mongo\Day27_Assignment_mongo\src\test\resources
2023-03-14 15:28:56,634 [Worker-28: Building] INFO  o.a.m.s.f.DefaultMavenResourcesFiltering - Copying 1 resource
2023-03-14 15:28:56,658 [Worker-28: Building] INFO  o.a.m.s.f.DefaultMavenResourcesFiltering - Copying 0 resource
2023-03-14 15:28:56,660 [Worker-28: Building] INFO  o.a.m.s.f.DefaultMavenResourcesFiltering - skip non existing resourceDirectory C:\Users\158563\Downloads\Day27_Assignment_mongo\Day27_Assignment_mongo\src\test\resources
2023-03-14 15:30:33,633 [Worker-32: Building] INFO  o.a.m.s.f.DefaultMavenResourcesFiltering - Copying 1 resource
2023-03-14 15:30:33,644 [Worker-32: Building] INFO  o.a.m.s.f.DefaultMavenResourcesFiltering - Copying 0 resource
2023-03-14 15:30:33,647 [Worker-32: Building] INFO  o.a.m.s.f.DefaultMavenResourcesFiltering - skip non existing resourceDirectory C:\Users\158563\Downloads\Day27_Assignment_mongo\Day27_Assignment_mongo\src\test\resources
2023-03-14 15:34:48,338 [Worker-5: Building] INFO  o.a.m.s.f.DefaultMavenResourcesFiltering - Copying 1 resource
2023-03-14 15:34:48,343 [Worker-5: Building] INFO  o.a.m.s.f.DefaultMavenResourcesFiltering - Copying 0 resource
2023-03-14 15:34:48,344 [Worker-5: Building] INFO  o.a.m.s.f.DefaultMavenResourcesFiltering - skip non existing resourceDirectory C:\Users\158563\Downloads\Day27_Assignment_mongo\Day27_Assignment_mongo\src\test\resources
2023-03-14 15:35:09,359 [Worker-24: Building] INFO  o.a.m.s.f.DefaultMavenResourcesFiltering - Copying 0 resource
2023-03-14 15:35:09,359 [Worker-24: Building] INFO  o.a.m.s.f.DefaultMavenResourcesFiltering - Copying 0 resource
2023-03-14 15:35:09,361 [Worker-24: Building] INFO  o.a.m.s.f.DefaultMavenResourcesFiltering - skip non existing resourceDirectory C:\Users\158563\Downloads\Day27_Assignment_mongo\Day27_Assignment_mongo\src\test\resources
2023-03-14 15:35:18,045 [Worker-24: Building] INFO  o.a.m.s.f.DefaultMavenResourcesFiltering - Copying 0 resource
2023-03-14 15:35:18,045 [Worker-24: Building] INFO  o.a.m.s.f.DefaultMavenResourcesFiltering - Copying 0 resource
2023-03-14 15:35:18,048 [Worker-24: Building] INFO  o.a.m.s.f.DefaultMavenResourcesFiltering - skip non existing resourceDirectory C:\Users\158563\Downloads\Day27_Assignment_mongo\Day27_Assignment_mongo\src\test\resources
2023-03-14 15:39:27,478 [Worker-36: Building] INFO  o.a.m.s.f.DefaultMavenResourcesFiltering - Copying 0 resource
2023-03-14 15:39:27,479 [Worker-36: Building] INFO  o.a.m.s.f.DefaultMavenResourcesFiltering - Copying 0 resource
2023-03-14 15:39:27,481 [Worker-36: Building] INFO  o.a.m.s.f.DefaultMavenResourcesFiltering - skip non existing resourceDirectory C:\Users\158563\Downloads\Day27_Assignment_mongo\Day27_Assignment_mongo\src\test\resources
2023-03-14 15:46:11,731 [Worker-39: Building] INFO  o.a.m.s.f.DefaultMavenResourcesFiltering - Copying 0 resource
2023-03-14 15:46:11,731 [Worker-39: Building] INFO  o.a.m.s.f.DefaultMavenResourcesFiltering - Copying 0 resource
2023-03-14 15:46:11,733 [Worker-39: Building] INFO  o.a.m.s.f.DefaultMavenResourcesFiltering - skip non existing resourceDirectory C:\Users\158563\Downloads\Day27_Assignment_mongo\Day27_Assignment_mongo\src\test\resources
2023-03-14 15:46:16,270 [Worker-42: Building] INFO  o.a.m.s.f.DefaultMavenResourcesFiltering - Copying 0 resource
2023-03-14 15:46:16,270 [Worker-42: Building] INFO  o.a.m.s.f.DefaultMavenResourcesFiltering - Copying 0 resource
2023-03-14 15:46:16,271 [Worker-42: Building] INFO  o.a.m.s.f.DefaultMavenResourcesFiltering - skip non existing resourceDirectory C:\Users\158563\Downloads\Day27_Assignment_mongo\Day27_Assignment_mongo\src\test\resources
2023-03-14 15:46:33,454 [Worker-42: Building] INFO  o.a.m.s.f.DefaultMavenResourcesFiltering - Copying 0 resource
2023-03-14 15:46:33,454 [Worker-42: Building] INFO  o.a.m.s.f.DefaultMavenResourcesFiltering - Copying 0 resource
2023-03-14 15:46:33,456 [Worker-42: Building] INFO  o.a.m.s.f.DefaultMavenResourcesFiltering - skip non existing resourceDirectory C:\Users\158563\Downloads\Day27_Assignment_mongo\Day27_Assignment_mongo\src\test\resources
2023-03-14 15:50:10,203 [Worker-41: Building] INFO  o.a.m.s.f.DefaultMavenResourcesFiltering - Copying 1 resource
2023-03-14 15:50:10,211 [Worker-41: Building] INFO  o.a.m.s.f.DefaultMavenResourcesFiltering - Copying 0 resource
2023-03-14 15:50:10,214 [Worker-41: Building] INFO  o.a.m.s.f.DefaultMavenResourcesFiltering - skip non existing resourceDirectory C:\Users\158563\Downloads\Day27_Assignment_mongo\Day27_Assignment_mongo\src\test\resources
2023-03-14 15:50:27,992 [Worker-5: Building] INFO  o.a.m.s.f.DefaultMavenResourcesFiltering - Copying 1 resource
2023-03-14 15:50:28,013 [Worker-5: Building] INFO  o.a.m.s.f.DefaultMavenResourcesFiltering - Copying 0 resource
2023-03-14 15:50:28,014 [Worker-5: Building] INFO  o.a.m.s.f.DefaultMavenResourcesFiltering - skip non existing resourceDirectory C:\Users\158563\Downloads\Day27_Assignment_mongo\Day27_Assignment_mongo\src\test\resources
2023-03-14 15:51:59,261 [Worker-41: Building] INFO  o.a.m.s.f.DefaultMavenResourcesFiltering - Copying 0 resource
2023-03-14 15:51:59,261 [Worker-41: Building] INFO  o.a.m.s.f.DefaultMavenResourcesFiltering - Copying 0 resource
2023-03-14 15:51:59,263 [Worker-41: Building] INFO  o.a.m.s.f.DefaultMavenResourcesFiltering - skip non existing resourceDirectory C:\Users\158563\Downloads\Day27_Assignment_mongo\Day27_Assignment_mongo\src\test\resources
2023-03-14 15:52:31,708 [Worker-39: Building] INFO  o.a.m.s.f.DefaultMavenResourcesFiltering - Copying 0 resource
2023-03-14 15:52:31,708 [Worker-39: Building] INFO  o.a.m.s.f.DefaultMavenResourcesFiltering - Copying 0 resource
2023-03-14 15:52:31,710 [Worker-39: Building] INFO  o.a.m.s.f.DefaultMavenResourcesFiltering - skip non existing resourceDirectory C:\Users\158563\Downloads\Day27_Assignment_mongo\Day27_Assignment_mongo\src\test\resources
2023-03-14 15:52:56,293 [Worker-42: Building] INFO  o.a.m.s.f.DefaultMavenResourcesFiltering - Copying 1 resource
2023-03-14 15:52:56,307 [Worker-42: Building] INFO  o.a.m.s.f.DefaultMavenResourcesFiltering - Copying 0 resource
2023-03-14 15:52:56,309 [Worker-42: Building] INFO  o.a.m.s.f.DefaultMavenResourcesFiltering - skip non existing resourceDirectory C:\Users\158563\Downloads\Day27_Assignment_mongo\Day27_Assignment_mongo\src\test\resources
2023-03-14 15:59:26,641 [Worker-43: Building] INFO  o.a.m.s.f.DefaultMavenResourcesFiltering - Copying 1 resource
2023-03-14 15:59:26,647 [Worker-43: Building] INFO  o.a.m.s.f.DefaultMavenResourcesFiltering - Copying 0 resource
2023-03-14 15:59:26,649 [Worker-43: Building] INFO  o.a.m.s.f.DefaultMavenResourcesFiltering - skip non existing resourceDirectory C:\Users\158563\Downloads\Day27_Assignment_mongo\Day27_Assignment_mongo\src\test\resources
2023-03-14 16:03:14,466 [Worker-45: Building] INFO  o.a.m.s.f.DefaultMavenResourcesFiltering - Copying 1 resource
2023-03-14 16:03:14,472 [Worker-45: Building] INFO  o.a.m.s.f.DefaultMavenResourcesFiltering - Copying 0 resource
2023-03-14 16:03:14,475 [Worker-45: Building] INFO  o.a.m.s.f.DefaultMavenResourcesFiltering - skip non existing resourceDirectory C:\Users\158563\Downloads\Day27_Assignment_mongo\Day27_Assignment_mongo\src\test\resources
2023-03-14 16:04:29,607 [Worker-49: Building] INFO  o.a.m.s.f.DefaultMavenResourcesFiltering - Copying 0 resource
2023-03-14 16:04:29,608 [Worker-49: Building] INFO  o.a.m.s.f.DefaultMavenResourcesFiltering - Copying 0 resource
2023-03-14 16:04:29,610 [Worker-49: Building] INFO  o.a.m.s.f.DefaultMavenResourcesFiltering - skip non existing resourceDirectory C:\Users\158563\Downloads\Day27_Assignment_mongo\Day27_Assignment_mongo\src\test\resources
2023-03-14 16:04:40,341 [Worker-48: Building] INFO  o.a.m.s.f.DefaultMavenResourcesFiltering - Copying 0 resource
2023-03-14 16:04:40,341 [Worker-48: Building] INFO  o.a.m.s.f.DefaultMavenResourcesFiltering - Copying 0 resource
2023-03-14 16:04:40,343 [Worker-48: Building] INFO  o.a.m.s.f.DefaultMavenResourcesFiltering - skip non existing resourceDirectory C:\Users\158563\Downloads\Day27_Assignment_mongo\Day27_Assignment_mongo\src\test\resources
2023-03-14 16:06:37,582 [Worker-49: Building] INFO  o.a.m.s.f.DefaultMavenResourcesFiltering - Copying 0 resource
2023-03-14 16:06:37,582 [Worker-49: Building] INFO  o.a.m.s.f.DefaultMavenResourcesFiltering - Copying 0 resource
2023-03-14 16:06:37,584 [Worker-49: Building] INFO  o.a.m.s.f.DefaultMavenResourcesFiltering - skip non existing resourceDirectory C:\Users\158563\Downloads\Day27_Assignment_mongo\Day27_Assignment_mongo\src\test\resources
2023-03-14 16:10:57,776 [Worker-51: Building] INFO  o.a.m.s.f.DefaultMavenResourcesFiltering - Copying 0 resource
2023-03-14 16:10:57,777 [Worker-51: Building] INFO  o.a.m.s.f.DefaultMavenResourcesFiltering - Copying 0 resource
2023-03-14 16:10:57,779 [Worker-51: Building] INFO  o.a.m.s.f.DefaultMavenResourcesFiltering - skip non existing resourceDirectory C:\Users\158563\Downloads\Day27_Assignment_mongo\Day27_Assignment_mongo\src\test\resources
2023-03-14 16:18:10,067 [Worker-53: Building] INFO  o.a.m.s.f.DefaultMavenResourcesFiltering - Copying 0 resource
2023-03-14 16:18:10,067 [Worker-53: Building] INFO  o.a.m.s.f.DefaultMavenResourcesFiltering - Copying 0 resource
2023-03-14 16:18:10,068 [Worker-53: Building] INFO  o.a.m.s.f.DefaultMavenResourcesFiltering - skip non existing resourceDirectory C:\Users\158563\Downloads\Day27_Assignment_mongo\Day27_Assignment_mongo\src\test\resources
2023-03-14 16:18:29,920 [Worker-48: Building] INFO  o.a.m.s.f.DefaultMavenResourcesFiltering - Copying 0 resource
2023-03-14 16:18:29,920 [Worker-48: Building] INFO  o.a.m.s.f.DefaultMavenResourcesFiltering - Copying 0 resource
2023-03-14 16:18:29,924 [Worker-48: Building] INFO  o.a.m.s.f.DefaultMavenResourcesFiltering - skip non existing resourceDirectory C:\Users\158563\Downloads\Day27_Assignment_mongo\Day27_Assignment_mongo\src\test\resources
2023-03-14 16:19:04,693 [Worker-48: Building] INFO  o.a.m.s.f.DefaultMavenResourcesFiltering - Copying 0 resource
2023-03-14 16:19:04,693 [Worker-48: Building] INFO  o.a.m.s.f.DefaultMavenResourcesFiltering - Copying 0 resource
2023-03-14 16:19:04,694 [Worker-48: Building] INFO  o.a.m.s.f.DefaultMavenResourcesFiltering - skip non existing resourceDirectory C:\Users\158563\Downloads\Day27_Assignment_mongo\Day27_Assignment_mongo\src\test\resources
2023-03-14 16:19:13,064 [Worker-53: Building] INFO  o.a.m.s.f.DefaultMavenResourcesFiltering - Copying 0 resource
2023-03-14 16:19:13,064 [Worker-53: Building] INFO  o.a.m.s.f.DefaultMavenResourcesFiltering - Copying 0 resource
2023-03-14 16:19:13,065 [Worker-53: Building] INFO  o.a.m.s.f.DefaultMavenResourcesFiltering - skip non existing resourceDirectory C:\Users\158563\Downloads\Day27_Assignment_mongo\Day27_Assignment_mongo\src\test\resources
2023-03-14 16:19:22,307 [Worker-51: Building] INFO  o.a.m.s.f.DefaultMavenResourcesFiltering - Copying 0 resource
2023-03-14 16:19:22,308 [Worker-51: Building] INFO  o.a.m.s.f.DefaultMavenResourcesFiltering - Copying 0 resource
2023-03-14 16:19:22,309 [Worker-51: Building] INFO  o.a.m.s.f.DefaultMavenResourcesFiltering - skip non existing resourceDirectory C:\Users\158563\Downloads\Day27_Assignment_mongo\Day27_Assignment_mongo\src\test\resources
2023-03-14 16:19:36,333 [Worker-53: Building] INFO  o.a.m.s.f.DefaultMavenResourcesFiltering - Copying 0 resource
2023-03-14 16:19:36,334 [Worker-53: Building] INFO  o.a.m.s.f.DefaultMavenResourcesFiltering - Copying 0 resource
2023-03-14 16:19:36,336 [Worker-53: Building] INFO  o.a.m.s.f.DefaultMavenResourcesFiltering - skip non existing resourceDirectory C:\Users\158563\Downloads\Day27_Assignment_mongo\Day27_Assignment_mongo\src\test\resources
2023-03-14 16:19:45,042 [Worker-48: Building] INFO  o.a.m.s.f.DefaultMavenResourcesFiltering - Copying 0 resource
2023-03-14 16:19:45,043 [Worker-48: Building] INFO  o.a.m.s.f.DefaultMavenResourcesFiltering - Copying 0 resource
2023-03-14 16:19:45,044 [Worker-48: Building] INFO  o.a.m.s.f.DefaultMavenResourcesFiltering - skip non existing resourceDirectory C:\Users\158563\Downloads\Day27_Assignment_mongo\Day27_Assignment_mongo\src\test\resources
2023-03-14 16:20:02,629 [Worker-54: Building] INFO  o.a.m.s.f.DefaultMavenResourcesFiltering - Copying 0 resource
2023-03-14 16:20:02,630 [Worker-54: Building] INFO  o.a.m.s.f.DefaultMavenResourcesFiltering - Copying 0 resource
2023-03-14 16:20:02,632 [Worker-54: Building] INFO  o.a.m.s.f.DefaultMavenResourcesFiltering - skip non existing resourceDirectory C:\Users\158563\Downloads\Day27_Assignment_mongo\Day27_Assignment_mongo\src\test\resources
2023-03-14 16:30:33,492 [Worker-55: Building] INFO  o.a.m.s.f.DefaultMavenResourcesFiltering - Copying 0 resource
2023-03-14 16:30:33,492 [Worker-55: Building] INFO  o.a.m.s.f.DefaultMavenResourcesFiltering - Copying 0 resource
2023-03-14 16:30:33,493 [Worker-55: Building] INFO  o.a.m.s.f.DefaultMavenResourcesFiltering - skip non existing resourceDirectory C:\Users\158563\Downloads\Day27_Assignment_mongo\Day27_Assignment_mongo\src\test\resources
2023-03-14 16:31:21,237 [Worker-55: Building] INFO  o.a.m.s.f.DefaultMavenResourcesFiltering - Copying 0 resource
2023-03-14 16:31:21,237 [Worker-55: Building] INFO  o.a.m.s.f.DefaultMavenResourcesFiltering - Copying 0 resource
2023-03-14 16:31:21,240 [Worker-55: Building] INFO  o.a.m.s.f.DefaultMavenResourcesFiltering - skip non existing resourceDirectory C:\Users\158563\Downloads\Day27_Assignment_mongo\Day27_Assignment_mongo\src\test\resources
2023-03-14 16:32:29,525 [Worker-48: Building] INFO  o.a.m.s.f.DefaultMavenResourcesFiltering - Copying 0 resource
2023-03-14 16:32:29,525 [Worker-48: Building] INFO  o.a.m.s.f.DefaultMavenResourcesFiltering - Copying 0 resource
2023-03-14 16:32:29,526 [Worker-48: Building] INFO  o.a.m.s.f.DefaultMavenResourcesFiltering - skip non existing resourceDirectory C:\Users\158563\Downloads\Day27_Assignment_mongo\Day27_Assignment_mongo\src\test\resources
2023-03-14 16:33:45,412 [Worker-54: Building] INFO  o.a.m.s.f.DefaultMavenResourcesFiltering - Copying 0 resource
2023-03-14 16:33:45,413 [Worker-54: Building] INFO  o.a.m.s.f.DefaultMavenResourcesFiltering - Copying 0 resource
2023-03-14 16:33:45,414 [Worker-54: Building] INFO  o.a.m.s.f.DefaultMavenResourcesFiltering - skip non existing resourceDirectory C:\Users\158563\Downloads\Day27_Assignment_mongo\Day27_Assignment_mongo\src\test\resources
2023-03-14 16:35:45,823 [Worker-54: Building] INFO  o.a.m.s.f.DefaultMavenResourcesFiltering - Copying 0 resource
2023-03-14 16:35:45,823 [Worker-54: Building] INFO  o.a.m.s.f.DefaultMavenResourcesFiltering - Copying 0 resource
2023-03-14 16:35:45,825 [Worker-54: Building] INFO  o.a.m.s.f.DefaultMavenResourcesFiltering - skip non existing resourceDirectory C:\Users\158563\Downloads\Day27_Assignment_mongo\Day27_Assignment_mongo\src\test\resources
2023-03-14 16:35:54,277 [Worker-57: Building] INFO  o.a.m.s.f.DefaultMavenResourcesFiltering - Copying 0 resource
2023-03-14 16:35:54,278 [Worker-57: Building] INFO  o.a.m.s.f.DefaultMavenResourcesFiltering - Copying 0 resource
2023-03-14 16:35:54,279 [Worker-57: Building] INFO  o.a.m.s.f.DefaultMavenResourcesFiltering - skip non existing resourceDirectory C:\Users\158563\Downloads\Day27_Assignment_mongo\Day27_Assignment_mongo\src\test\resources
2023-03-14 16:37:45,876 [Worker-54: Building] INFO  o.a.m.s.f.DefaultMavenResourcesFiltering - Copying 1 resource
2023-03-14 16:37:45,884 [Worker-54: Building] INFO  o.a.m.s.f.DefaultMavenResourcesFiltering - Copying 0 resource
2023-03-14 16:37:45,886 [Worker-54: Building] INFO  o.a.m.s.f.DefaultMavenResourcesFiltering - skip non existing resourceDirectory C:\Users\158563\Downloads\Day27_Assignment_mongo\Day27_Assignment_mongo\src\test\resources
2023-03-14 16:38:39,240 [Worker-54: Building] INFO  o.a.m.s.f.DefaultMavenResourcesFiltering - Copying 1 resource
2023-03-14 16:38:39,245 [Worker-54: Building] INFO  o.a.m.s.f.DefaultMavenResourcesFiltering - Copying 0 resource
2023-03-14 16:38:39,247 [Worker-54: Building] INFO  o.a.m.s.f.DefaultMavenResourcesFiltering - skip non existing resourceDirectory C:\Users\158563\Downloads\Day27_Assignment_mongo\Day27_Assignment_mongo\src\test\resources
2023-03-14 16:39:03,698 [Worker-57: Building] INFO  o.a.m.s.f.DefaultMavenResourcesFiltering - Copying 0 resource
2023-03-14 16:39:03,698 [Worker-57: Building] INFO  o.a.m.s.f.DefaultMavenResourcesFiltering - Copying 0 resource
2023-03-14 16:39:03,700 [Worker-57: Building] INFO  o.a.m.s.f.DefaultMavenResourcesFiltering - skip non existing resourceDirectory C:\Users\158563\Downloads\Day27_Assignment_mongo\Day27_Assignment_mongo\src\test\resources
2023-03-14 16:42:52,217 [Worker-56: Building] INFO  o.a.m.s.f.DefaultMavenResourcesFiltering - Copying 1 resource
2023-03-14 16:42:52,224 [Worker-56: Building] INFO  o.a.m.s.f.DefaultMavenResourcesFiltering - Copying 0 resource
2023-03-14 16:42:52,226 [Worker-56: Building] INFO  o.a.m.s.f.DefaultMavenResourcesFiltering - skip non existing resourceDirectory C:\Users\158563\Downloads\Day27_Assignment_mongo\Day27_Assignment_mongo\src\test\resources
2023-03-14 16:44:18,884 [Worker-48: Building] INFO  o.a.m.s.f.DefaultMavenResourcesFiltering - Copying 1 resource
2023-03-14 16:44:18,891 [Worker-48: Building] INFO  o.a.m.s.f.DefaultMavenResourcesFiltering - Copying 0 resource
2023-03-14 16:44:18,893 [Worker-48: Building] INFO  o.a.m.s.f.DefaultMavenResourcesFiltering - skip non existing resourceDirectory C:\Users\158563\Downloads\Day27_Assignment_mongo\Day27_Assignment_mongo\src\test\resources
2023-03-14 16:56:07,276 [Worker-63: Building] INFO  o.a.m.s.f.DefaultMavenResourcesFiltering - Copying 1 resource
2023-03-14 16:56:07,286 [Worker-63: Building] INFO  o.a.m.s.f.DefaultMavenResourcesFiltering - Copying 0 resource
2023-03-14 16:56:07,287 [Worker-63: Building] INFO  o.a.m.s.f.DefaultMavenResourcesFiltering - skip non existing resourceDirectory C:\Users\158563\Downloads\Day27_Assignment_mongo\Day27_Assignment_mongo\src\test\resources
2023-03-14 16:57:03,287 [Worker-61: Building] INFO  o.a.m.s.f.DefaultMavenResourcesFiltering - Copying 1 resource
2023-03-14 16:57:03,292 [Worker-61: Building] INFO  o.a.m.s.f.DefaultMavenResourcesFiltering - Copying 0 resource
2023-03-14 16:57:03,294 [Worker-61: Building] INFO  o.a.m.s.f.DefaultMavenResourcesFiltering - skip non existing resourceDirectory C:\Users\158563\Downloads\Day27_Assignment_mongo\Day27_Assignment_mongo\src\test\resources
2023-03-14 16:58:44,762 [Worker-63: Building] INFO  o.a.m.s.f.DefaultMavenResourcesFiltering - Copying 1 resource
2023-03-14 16:58:44,768 [Worker-63: Building] INFO  o.a.m.s.f.DefaultMavenResourcesFiltering - Copying 0 resource
2023-03-14 16:58:44,770 [Worker-63: Building] INFO  o.a.m.s.f.DefaultMavenResourcesFiltering - skip non existing resourceDirectory C:\Users\158563\Downloads\Day27_Assignment_mongo\Day27_Assignment_mongo\src\test\resources
2023-03-14 16:59:07,660 [Worker-63: Building] INFO  o.a.m.s.f.DefaultMavenResourcesFiltering - Copying 0 resource
2023-03-14 16:59:07,660 [Worker-63: Building] INFO  o.a.m.s.f.DefaultMavenResourcesFiltering - Copying 0 resource
2023-03-14 16:59:07,662 [Worker-63: Building] INFO  o.a.m.s.f.DefaultMavenResourcesFiltering - skip non existing resourceDirectory C:\Users\158563\Downloads\Day27_Assignment_mongo\Day27_Assignment_mongo\src\test\resources
2023-03-14 17:03:52,059 [Worker-57: Building] INFO  o.a.m.s.f.DefaultMavenResourcesFiltering - Copying 1 resource
2023-03-14 17:03:52,066 [Worker-57: Building] INFO  o.a.m.s.f.DefaultMavenResourcesFiltering - Copying 0 resource
2023-03-14 17:03:52,069 [Worker-57: Building] INFO  o.a.m.s.f.DefaultMavenResourcesFiltering - skip non existing resourceDirectory C:\Users\158563\Downloads\Day27_Assignment_mongo\Day27_Assignment_mongo\src\test\resources
2023-03-14 17:11:31,596 [Worker-69: Building] INFO  o.a.m.s.f.DefaultMavenResourcesFiltering - Copying 1 resource
2023-03-14 17:11:31,613 [Worker-69: Building] INFO  o.a.m.s.f.DefaultMavenResourcesFiltering - Copying 0 resource
2023-03-14 17:11:31,615 [Worker-69: Building] INFO  o.a.m.s.f.DefaultMavenResourcesFiltering - skip non existing resourceDirectory C:\Users\158563\Downloads\Day27_Assignment_mongo\Day27_Assignment_mongo\src\test\resources
2023-03-14 17:11:36,045 [Worker-68: Building] INFO  o.a.m.s.f.DefaultMavenResourcesFiltering - Copying 1 resource
2023-03-14 17:11:36,058 [Worker-68: Building] INFO  o.a.m.s.f.DefaultMavenResourcesFiltering - Copying 0 resource
2023-03-14 17:11:36,061 [Worker-68: Building] INFO  o.a.m.s.f.DefaultMavenResourcesFiltering - skip non existing resourceDirectory C:\Users\158563\Downloads\Day27_Assignment_mongo\Day27_Assignment_mongo\src\test\resources
2023-03-14 17:27:55,514 [Worker-72: Building] INFO  o.a.m.s.f.DefaultMavenResourcesFiltering - Copying 1 resource
2023-03-14 17:27:55,528 [Worker-72: Building] INFO  o.a.m.s.f.DefaultMavenResourcesFiltering - Copying 0 resource
2023-03-14 17:27:55,530 [Worker-72: Building] INFO  o.a.m.s.f.DefaultMavenResourcesFiltering - skip non existing resourceDirectory C:\Users\158563\Downloads\Day27_Assignment_mongo\Day27_Assignment_mongo\src\test\resources
2023-03-14 17:53:12,350 [Worker-77: Building] INFO  o.a.m.s.f.DefaultMavenResourcesFiltering - Copying 1 resource
2023-03-14 17:53:12,366 [Worker-77: Building] INFO  o.a.m.s.f.DefaultMavenResourcesFiltering - Copying 0 resource
2023-03-14 17:53:12,368 [Worker-77: Building] INFO  o.a.m.s.f.DefaultMavenResourcesFiltering - skip non existing resourceDirectory C:\Users\158563\Downloads\Day27_Assignment_mongo\Day27_Assignment_mongo\src\test\resources
2023-03-14 17:53:29,335 [Worker-65: Building] INFO  o.a.m.s.f.DefaultMavenResourcesFiltering - Copying 1 resource
2023-03-14 17:53:29,359 [Worker-65: Building] INFO  o.a.m.s.f.DefaultMavenResourcesFiltering - Copying 0 resource
2023-03-14 17:53:29,361 [Worker-65: Building] INFO  o.a.m.s.f.DefaultMavenResourcesFiltering - skip non existing resourceDirectory C:\Users\158563\Downloads\Day27_Assignment_mongo\Day27_Assignment_mongo\src\test\resources
2023-03-14 18:00:28,159 [Worker-83: Building] INFO  o.a.m.s.f.DefaultMavenResourcesFiltering - Copying 1 resource
2023-03-14 18:00:28,167 [Worker-83: Building] INFO  o.a.m.s.f.DefaultMavenResourcesFiltering - Copying 0 resource
2023-03-14 18:00:28,168 [Worker-83: Building] INFO  o.a.m.s.f.DefaultMavenResourcesFiltering - skip non existing resourceDirectory C:\Users\158563\Downloads\Day27_Assignment_mongo\Day27_Assignment_mongo\src\test\resources
2023-03-14 18:06:58,701 [Worker-82: Building] INFO  o.a.m.s.f.DefaultMavenResourcesFiltering - Copying 1 resource
2023-03-14 18:06:58,707 [Worker-82: Building] INFO  o.a.m.s.f.DefaultMavenResourcesFiltering - Copying 0 resource
2023-03-14 18:06:58,709 [Worker-82: Building] INFO  o.a.m.s.f.DefaultMavenResourcesFiltering - skip non existing resourceDirectory C:\Users\158563\Downloads\Day27_Assignment_mongo\Day27_Assignment_mongo\src\test\resources
2023-03-14 22:42:02,653 [Worker-90: Building] INFO  o.a.m.s.f.DefaultMavenResourcesFiltering - Copying 1 resource
2023-03-14 22:42:02,671 [Worker-90: Building] INFO  o.a.m.s.f.DefaultMavenResourcesFiltering - Copying 0 resource
2023-03-14 22:42:02,673 [Worker-90: Building] INFO  o.a.m.s.f.DefaultMavenResourcesFiltering - skip non existing resourceDirectory C:\Users\158563\Downloads\Day27_Assignment_mongo\Day27_Assignment_mongo\src\test\resources
2023-03-14 22:42:38,725 [Worker-90: Building] INFO  o.a.m.s.f.DefaultMavenResourcesFiltering - Copying 1 resource
2023-03-14 22:42:38,734 [Worker-90: Building] INFO  o.a.m.s.f.DefaultMavenResourcesFiltering - Copying 0 resource
2023-03-14 22:42:38,737 [Worker-90: Building] INFO  o.a.m.s.f.DefaultMavenResourcesFiltering - skip non existing resourceDirectory C:\Users\158563\Downloads\Day27_Assignment_mongo\Day27_Assignment_mongo\src\test\resources
2023-03-14 22:45:59,972 [Worker-96: Building] INFO  o.a.m.s.f.DefaultMavenResourcesFiltering - Copying 1 resource
2023-03-14 22:45:59,989 [Worker-96: Building] INFO  o.a.m.s.f.DefaultMavenResourcesFiltering - Copying 0 resource
2023-03-14 22:45:59,993 [Worker-96: Building] INFO  o.a.m.s.f.DefaultMavenResourcesFiltering - skip non existing resourceDirectory C:\Users\158563\Downloads\Day27_Assignment_mongo\Day27_Assignment_mongo\src\test\resources
2023-03-14 22:46:38,415 [Worker-95: Building] INFO  o.a.m.s.f.DefaultMavenResourcesFiltering - Copying 1 resource
2023-03-14 22:46:38,419 [Worker-95: Building] INFO  o.a.m.s.f.DefaultMavenResourcesFiltering - Copying 0 resource
2023-03-14 22:46:38,421 [Worker-95: Building] INFO  o.a.m.s.f.DefaultMavenResourcesFiltering - skip non existing resourceDirectory C:\Users\158563\Downloads\Day27_Assignment_mongo\Day27_Assignment_mongo\src\test\resources
2023-03-14 22:55:06,267 [Worker-99: Building] INFO  o.a.m.s.f.DefaultMavenResourcesFiltering - Copying 1 resource
2023-03-14 22:55:06,278 [Worker-99: Building] INFO  o.a.m.s.f.DefaultMavenResourcesFiltering - Copying 0 resource
2023-03-14 22:55:06,280 [Worker-99: Building] INFO  o.a.m.s.f.DefaultMavenResourcesFiltering - skip non existing resourceDirectory C:\Users\158563\Downloads\Day27_Assignment_mongo\Day27_Assignment_mongo\src\test\resources
2023-03-14 22:55:34,613 [Worker-96: Building] INFO  o.a.m.s.f.DefaultMavenResourcesFiltering - Copying 1 resource
2023-03-14 22:55:34,619 [Worker-96: Building] INFO  o.a.m.s.f.DefaultMavenResourcesFiltering - Copying 0 resource
2023-03-14 22:55:34,620 [Worker-96: Building] INFO  o.a.m.s.f.DefaultMavenResourcesFiltering - skip non existing resourceDirectory C:\Users\158563\Downloads\Day27_Assignment_mongo\Day27_Assignment_mongo\src\test\resources
2023-03-14 22:59:13,025 [Worker-103: Building] INFO  o.a.m.s.f.DefaultMavenResourcesFiltering - Copying 1 resource
2023-03-14 22:59:13,031 [Worker-103: Building] INFO  o.a.m.s.f.DefaultMavenResourcesFiltering - Copying 0 resource
2023-03-14 22:59:13,033 [Worker-103: Building] INFO  o.a.m.s.f.DefaultMavenResourcesFiltering - skip non existing resourceDirectory C:\Users\158563\Downloads\Day27_Assignment_mongo\Day27_Assignment_mongo\src\test\resources
2023-03-14 23:00:07,222 [Worker-96: Building] INFO  o.a.m.s.f.DefaultMavenResourcesFiltering - Copying 1 resource
2023-03-14 23:00:07,229 [Worker-96: Building] INFO  o.a.m.s.f.DefaultMavenResourcesFiltering - Copying 0 resource
2023-03-14 23:00:07,232 [Worker-96: Building] INFO  o.a.m.s.f.DefaultMavenResourcesFiltering - skip non existing resourceDirectory C:\Users\158563\Downloads\Day27_Assignment_mongo\Day27_Assignment_mongo\src\test\resources
2023-03-14 23:01:38,716 [Worker-106: Building] INFO  o.a.m.s.f.DefaultMavenResourcesFiltering - Copying 1 resource
2023-03-14 23:01:38,730 [Worker-106: Building] INFO  o.a.m.s.f.DefaultMavenResourcesFiltering - Copying 0 resource
2023-03-14 23:01:38,734 [Worker-106: Building] INFO  o.a.m.s.f.DefaultMavenResourcesFiltering - skip non existing resourceDirectory C:\Users\158563\Downloads\Day27_Assignment_mongo\Day27_Assignment_mongo\src\test\resources
2023-03-14 23:03:31,442 [Worker-109: Building] INFO  o.a.m.s.f.DefaultMavenResourcesFiltering - Copying 1 resource
2023-03-14 23:03:31,448 [Worker-109: Building] INFO  o.a.m.s.f.DefaultMavenResourcesFiltering - Copying 0 resource
2023-03-14 23:03:31,450 [Worker-109: Building] INFO  o.a.m.s.f.DefaultMavenResourcesFiltering - skip non existing resourceDirectory C:\Users\158563\Downloads\Day27_Assignment_mongo\Day27_Assignment_mongo\src\test\resources
2023-03-14 23:07:11,436 [Worker-110: Building] INFO  o.a.m.s.f.DefaultMavenResourcesFiltering - Copying 1 resource
2023-03-14 23:07:11,442 [Worker-110: Building] INFO  o.a.m.s.f.DefaultMavenResourcesFiltering - Copying 0 resource
2023-03-14 23:07:11,444 [Worker-110: Building] INFO  o.a.m.s.f.DefaultMavenResourcesFiltering - skip non existing resourceDirectory C:\Users\158563\Downloads\Day27_Assignment_mongo\Day27_Assignment_mongo\src\test\resources
2023-03-14 23:08:43,604 [Worker-106: Building] INFO  o.a.m.s.f.DefaultMavenResourcesFiltering - Copying 1 resource
2023-03-14 23:08:43,610 [Worker-106: Building] INFO  o.a.m.s.f.DefaultMavenResourcesFiltering - Copying 0 resource
2023-03-14 23:08:43,612 [Worker-106: Building] INFO  o.a.m.s.f.DefaultMavenResourcesFiltering - skip non existing resourceDirectory C:\Users\158563\Downloads\Day27_Assignment_mongo\Day27_Assignment_mongo\src\test\resources
2023-03-14 23:23:14,975 [Worker-4: Loading available Gradle versions] INFO  o.e.b.c.i.u.g.PublishedGradleVersions - Gradle version information cache is up-to-date. Trying to read.
2023-03-14 23:23:55,358 [Worker-3: Updating Maven Dependencies] INFO  o.e.m.c.i.l.LifecycleMappingFactory - Using org.eclipse.m2e.jdt.JarLifecycleMapping lifecycle mapping for MavenProject: com.example:Day27_Assignment_mongo:0.0.1-SNAPSHOT @ C:\Users\158563\OneDrive - Arrow Electronics, Inc\Desktop\einfochips_Activity\Day27_Assignment_mongo\Day27_Assignment_mongo\pom.xml.
2023-03-14 23:23:55,358 [Worker-1: Building] INFO  o.e.m.c.i.l.LifecycleMappingFactory - Using org.eclipse.m2e.jdt.JarLifecycleMapping lifecycle mapping for MavenProject: com.example:Day27_Assignment_mongo:0.0.1-SNAPSHOT @ C:\Users\158563\OneDrive - Arrow Electronics, Inc\Desktop\einfochips_Activity\Day27_Assignment_mongo\Day27_Assignment_mongo\pom.xml.
2023-03-14 23:23:57,017 [Worker-1: Building] INFO  o.a.m.s.f.DefaultMavenResourcesFiltering - Copying 1 resource
2023-03-14 23:23:57,034 [Worker-1: Building] INFO  o.a.m.s.f.DefaultMavenResourcesFiltering - Copying 0 resource
2023-03-14 23:23:57,039 [Worker-1: Building] INFO  o.a.m.s.f.DefaultMavenResourcesFiltering - skip non existing resourceDirectory C:\Users\158563\OneDrive - Arrow Electronics, Inc\Desktop\einfochips_Activity\Day27_Assignment_mongo\Day27_Assignment_mongo\src\test\resources
2023-03-14 23:23:58,423 [Worker-2: Updating Maven Dependencies] INFO  o.e.m.c.i.l.LifecycleMappingFactory - Using org.eclipse.m2e.jdt.JarLifecycleMapping lifecycle mapping for MavenProject: com.example:Day27_Assignment_mongo:0.0.1-SNAPSHOT @ C:\Users\158563\OneDrive - Arrow Electronics, Inc\Desktop\einfochips_Activity\Day27_Assignment_mongo\Day27_Assignment_mongo\pom.xml.
2023-03-14 23:23:59,341 [Worker-1: Building] INFO  o.a.m.s.f.DefaultMavenResourcesFiltering - Copying 0 resource
2023-03-14 23:23:59,342 [Worker-1: Building] INFO  o.a.m.s.f.DefaultMavenResourcesFiltering - Copying 0 resource
2023-03-14 23:23:59,345 [Worker-1: Building] INFO  o.a.m.s.f.DefaultMavenResourcesFiltering - skip non existing resourceDirectory C:\Users\158563\OneDrive - Arrow Electronics, Inc\Desktop\einfochips_Activity\Day27_Assignment_mongo\Day27_Assignment_mongo\src\test\resources
